Vivado Simulator v2025.2
Copyright 1986-2022 Xilinx, Inc. All Rights Reserved.
Copyright 2022-2025 Advanced Micro Devices, Inc. All Rights Reserved.
Running: C:/AMDDesignTools/2025.2/Vivado/bin/unwrapped/win64.o/xelab.exe --incr --debug typical --relax --mt 2 -L xil_defaultlib -L uvm -L unisims_ver -L unimacro_ver -L secureip --snapshot Sumador_tb_behav xil_defaultlib.Sumador_tb xil_defaultlib.glbl -log elaborate.log 
Using 2 slave threads.
Starting static elaboration
Pass Through NonSizing Optimizer
Completed static elaboration
Starting simulation data flow analysis
WARNING: [XSIM 43-4099] "C:/Users/cristianrosa/Desktop/TallerDig_Proy1/Proyecto-1-Taller-de-diseno-digital-grupo-4/Simon/Simon.srcs/sources_1/new/Sumador_1.sv" Line 1. Module Sumador_1_default doesn't have a timescale but at least one module in design has a timescale.
WARNING: [XSIM 43-4099] "C:/Users/cristianrosa/Desktop/TallerDig_Proy1/Proyecto-1-Taller-de-diseno-digital-grupo-4/Simon/Simon.srcs/sources_1/new/full_adder1bit.sv" Line 1. Module full_adder doesn't have a timescale but at least one module in design has a timescale.
WARNING: [XSIM 43-4099] "C:/Users/cristianrosa/Desktop/TallerDig_Proy1/Proyecto-1-Taller-de-diseno-digital-grupo-4/Simon/Simon.srcs/sources_1/new/full_adder1bit.sv" Line 1. Module full_adder doesn't have a timescale but at least one module in design has a timescale.
WARNING: [XSIM 43-4099] "C:/Users/cristianrosa/Desktop/TallerDig_Proy1/Proyecto-1-Taller-de-diseno-digital-grupo-4/Simon/Simon.srcs/sources_1/new/full_adder1bit.sv" Line 1. Module full_adder doesn't have a timescale but at least one module in design has a timescale.
WARNING: [XSIM 43-4099] "C:/Users/cristianrosa/Desktop/TallerDig_Proy1/Proyecto-1-Taller-de-diseno-digital-grupo-4/Simon/Simon.srcs/sources_1/new/full_adder1bit.sv" Line 1. Module full_adder doesn't have a timescale but at least one module in design has a timescale.
Completed simulation data flow analysis
Time Resolution for simulation is 1ps
Compiling module xil_defaultlib.full_adder
Compiling module xil_defaultlib.Sumador_1_default
Compiling module xil_defaultlib.Sumador_tb
Compiling module xil_defaultlib.glbl
Built simulation snapshot Sumador_tb_behav
