#-----------------------------------------------------------
# Vivado v2025.2 (64-bit)
# SW Build 6299465 on Fri Nov 14 19:35:11 GMT 2025
# IP Build 6300035 on Fri Nov 14 10:48:45 MST 2025
# SharedData Build 6298862 on Thu Nov 13 04:50:51 MST 2025
# Start of session at: Sun Mar  1 12:51:42 2026
# Process ID         : 24832
# Current directory  : C:/Users/user/Desktop/I SEMESTRE 2026/Taller Digitales/CARPETADEGIT/Proyecto-1-Taller-de-diseno-digital-grupo-4/Simon
# Command line       : vivado.exe -gui_launcher_event rodinguilauncherevent27944 C:\Users\user\Desktop\I SEMESTRE 2026\Taller Digitales\CARPETADEGIT\Proyecto-1-Taller-de-diseno-digital-grupo-4\Simon\Simon.xpr
# Log file           : C:/Users/user/Desktop/I SEMESTRE 2026/Taller Digitales/CARPETADEGIT/Proyecto-1-Taller-de-diseno-digital-grupo-4/Simon/vivado.log
# Journal file       : C:/Users/user/Desktop/I SEMESTRE 2026/Taller Digitales/CARPETADEGIT/Proyecto-1-Taller-de-diseno-digital-grupo-4/Simon\vivado.jou
# Running On         : DESKTOP-QLK4QS2
# Platform           : Windows Server 2016 or Windows 10
# Operating System   : 19045
# Processor Detail   : Intel(R) Core(TM) i7-6600U CPU @ 2.60GHz
# CPU Frequency      : 2808 MHz
# CPU Physical cores : 2
# CPU Logical cores  : 4
# Host memory        : 8436 MB
# Swap memory        : 6755 MB
# Total Virtual      : 15191 MB
# Available Virtual  : 5994 MB
#-----------------------------------------------------------
start_gui
open_project {C:/Users/user/Desktop/I SEMESTRE 2026/Taller Digitales/CARPETADEGIT/Proyecto-1-Taller-de-diseno-digital-grupo-4/Simon/Simon.xpr}
INFO: [ProjectBase 1-489] The host OS only allows 260 characters in a normal path. The project is stored in a path with more than 80 characters. If you experience issues with IP, Block Designs, or files not being found, please consider moving the project to a location with a shorter path. Alternately consider using the OS subst command to map part of the path to a drive letter.
Current project path is 'C:/Users/user/Desktop/I SEMESTRE 2026/Taller Digitales/CARPETADEGIT/Proyecto-1-Taller-de-diseno-digital-grupo-4/Simon'
WARNING: [Board 49-26] cannot add Board Part xilinx.com:emb-plus-vpr-4616:part0:1.0 available at D:/VIVADO2025/2025.2/data/xhub/boards\XilinxBoardStore\boards\Xilinx\emb-plus-vpr-4616\1.0\board.xml as part xcve2302-sfva784-2mp-e-s specified in board_part file is either invalid or not available
WARNING: [Board 49-26] cannot add Board Part xilinx.com:emb-plus-vpr-4616:part0:1.1 available at D:/VIVADO2025/2025.2/data/xhub/boards\XilinxBoardStore\boards\Xilinx\emb-plus-vpr-4616\1.1\board.xml as part xcve2302-sfva784-2mp-e-s specified in board_part file is either invalid or not available
WARNING: [Board 49-26] cannot add Board Part xilinx.com:k24c:part0:1.0 available at D:/VIVADO2025/2025.2/data/xhub/boards\XilinxBoardStore\boards\Xilinx\k24c\1.0\board.xml as part xck24-ubva530-2lv-c specified in board_part file is either invalid or not available
WARNING: [Board 49-26] cannot add Board Part xilinx.com:k24c:part0:1.1 available at D:/VIVADO2025/2025.2/data/xhub/boards\XilinxBoardStore\boards\Xilinx\k24c\1.1\board.xml as part xck24-ubva530-2lv-c specified in board_part file is either invalid or not available
WARNING: [Board 49-26] cannot add Board Part xilinx.com:k24i:part0:1.0 available at D:/VIVADO2025/2025.2/data/xhub/boards\XilinxBoardStore\boards\Xilinx\k24i\1.0\board.xml as part xck24-ubva530-2lvi-i specified in board_part file is either invalid or not available
WARNING: [Board 49-26] cannot add Board Part xilinx.com:k26c:part0:1.2 available at D:/VIVADO2025/2025.2/data/xhub/boards\XilinxBoardStore\boards\Xilinx\k26c\1.2\board.xml as part xck26-sfvc784-2lv-c specified in board_part file is either invalid or not available
WARNING: [Board 49-26] cannot add Board Part xilinx.com:k26c:part0:1.3 available at D:/VIVADO2025/2025.2/data/xhub/boards\XilinxBoardStore\boards\Xilinx\k26c\1.3\board.xml as part xck26-sfvc784-2lv-c specified in board_part file is either invalid or not available
WARNING: [Board 49-26] cannot add Board Part xilinx.com:k26c:part0:1.4 available at D:/VIVADO2025/2025.2/data/xhub/boards\XilinxBoardStore\boards\Xilinx\k26c\1.4\board.xml as part xck26-sfvc784-2lv-c specified in board_part file is either invalid or not available
WARNING: [Board 49-26] cannot add Board Part xilinx.com:k26i:part0:1.2 available at D:/VIVADO2025/2025.2/data/xhub/boards\XilinxBoardStore\boards\Xilinx\k26i\1.2\board.xml as part xck26-sfvc784-2lvi-i specified in board_part file is either invalid or not available
WARNING: [Board 49-26] cannot add Board Part xilinx.com:k26i:part0:1.3 available at D:/VIVADO2025/2025.2/data/xhub/boards\XilinxBoardStore\boards\Xilinx\k26i\1.3\board.xml as part xck26-sfvc784-2lvi-i specified in board_part file is either invalid or not available
WARNING: [Board 49-26] cannot add Board Part xilinx.com:k26i:part0:1.4 available at D:/VIVADO2025/2025.2/data/xhub/boards\XilinxBoardStore\boards\Xilinx\k26i\1.4\board.xml as part xck26-sfvc784-2lvi-i specified in board_part file is either invalid or not available
WARNING: [Board 49-26] cannot add Board Part xilinx.com:kc705:part0:1.6 available at D:/VIVADO2025/2025.2/data/xhub/boards\XilinxBoardStore\boards\Xilinx\kc705\1.6\board.xml as part xc7k325tffg900-2 specified in board_part file is either invalid or not available
WARNING: [Board 49-26] cannot add Board Part xilinx.com:kc705:part0:1.7 available at D:/VIVADO2025/2025.2/data/xhub/boards\XilinxBoardStore\boards\Xilinx\kc705\1.7\board.xml as part xc7k325tffg900-2 specified in board_part file is either invalid or not available
WARNING: [Board 49-26] cannot add Board Part xilinx.com:kcu105:part0:1.6 available at D:/VIVADO2025/2025.2/data/xhub/boards\XilinxBoardStore\boards\Xilinx\kcu105\1.6\board.xml as part xcku040-ffva1156-2-e specified in board_part file is either invalid or not available
WARNING: [Board 49-26] cannot add Board Part xilinx.com:kcu105:part0:1.7 available at D:/VIVADO2025/2025.2/data/xhub/boards\XilinxBoardStore\boards\Xilinx\kcu105\1.7\board.xml as part xcku040-ffva1156-2-e specified in board_part file is either invalid or not available
WARNING: [Board 49-26] cannot add Board Part xilinx.com:kcu116:part0:1.4 available at D:/VIVADO2025/2025.2/data/xhub/boards\XilinxBoardStore\boards\Xilinx\kcu116\1.4\board.xml as part xcku5p-ffvb676-2-e specified in board_part file is either invalid or not available
WARNING: [Board 49-26] cannot add Board Part xilinx.com:kcu116:part0:1.5 available at D:/VIVADO2025/2025.2/data/xhub/boards\XilinxBoardStore\boards\Xilinx\kcu116\1.5\board.xml as part xcku5p-ffvb676-2-e specified in board_part file is either invalid or not available
WARNING: [Board 49-26] cannot add Board Part xilinx.com:kcu1500:part0:1.2 available at D:/VIVADO2025/2025.2/data/xhub/boards\XilinxBoardStore\boards\Xilinx\kcu1500\1.2\board.xml as part xcku115-flvb2104-2-e specified in board_part file is either invalid or not available
WARNING: [Board 49-26] cannot add Board Part xilinx.com:kd240_som:part0:1.0 available at D:/VIVADO2025/2025.2/data/xhub/boards\XilinxBoardStore\boards\Xilinx\kd240_som\1.0\board.xml as part xck24-ubva530-2lv-c specified in board_part file is either invalid or not available
WARNING: [Board 49-26] cannot add Board Part xilinx.com:kd240_som:part0:1.1 available at D:/VIVADO2025/2025.2/data/xhub/boards\XilinxBoardStore\boards\Xilinx\kd240_som\1.1\board.xml as part xck24-ubva530-2lv-c specified in board_part file is either invalid or not available
WARNING: [Board 49-26] cannot add Board Part xilinx.com:kr260_som:part0:1.0 available at D:/VIVADO2025/2025.2/data/xhub/boards\XilinxBoardStore\boards\Xilinx\kr260_som\1.0\board.xml as part xck26-sfvc784-2lv-c specified in board_part file is either invalid or not available
WARNING: [Board 49-26] cannot add Board Part xilinx.com:kr260_som:part0:1.1 available at D:/VIVADO2025/2025.2/data/xhub/boards\XilinxBoardStore\boards\Xilinx\kr260_som\1.1\board.xml as part xck26-sfvc784-2lv-c specified in board_part file is either invalid or not available
WARNING: [Board 49-26] cannot add Board Part xilinx.com:kv260_som:part0:1.2 available at D:/VIVADO2025/2025.2/data/xhub/boards\XilinxBoardStore\boards\Xilinx\kv260_som\1.2\board.xml as part xck26-sfvc784-2lv-c specified in board_part file is either invalid or not available
WARNING: [Board 49-26] cannot add Board Part xilinx.com:kv260_som:part0:1.3 available at D:/VIVADO2025/2025.2/data/xhub/boards\XilinxBoardStore\boards\Xilinx\kv260_som\1.3\board.xml as part xck26-sfvc784-2lv-c specified in board_part file is either invalid or not available
WARNING: [Board 49-26] cannot add Board Part xilinx.com:kv260_som:part0:1.4 available at D:/VIVADO2025/2025.2/data/xhub/boards\XilinxBoardStore\boards\Xilinx\kv260_som\1.4\board.xml as part xck26-sfvc784-2lv-c specified in board_part file is either invalid or not available
WARNING: [Board 49-26] cannot add Board Part xilinx.com:scu35:part0:1.0 available at D:/VIVADO2025/2025.2/data/xhub/boards\XilinxBoardStore\boards\Xilinx\scu35\1.0\board.xml as part xcsu35p-sbvb625-2-e specified in board_part file is either invalid or not available
WARNING: [Board 49-26] cannot add Board Part xilinx.com:sp701:part0:1.0 available at D:/VIVADO2025/2025.2/data/xhub/boards\XilinxBoardStore\boards\Xilinx\sp701\1.0\board.xml as part xc7s100fgga676-2 specified in board_part file is either invalid or not available
WARNING: [Board 49-26] cannot add Board Part xilinx.com:sp701:part0:1.1 available at D:/VIVADO2025/2025.2/data/xhub/boards\XilinxBoardStore\boards\Xilinx\sp701\1.1\board.xml as part xc7s100fgga676-2 specified in board_part file is either invalid or not available
WARNING: [Board 49-26] cannot add Board Part xilinx.com:v80:part0:1.0 available at D:/VIVADO2025/2025.2/data/xhub/boards\XilinxBoardStore\boards\Xilinx\v80\1.0\board.xml as part xcv80-lsva4737-2mhp-e-s specified in board_part file is either invalid or not available
WARNING: [Board 49-26] cannot add Board Part xilinx.com:vc707:part0:1.4 available at D:/VIVADO2025/2025.2/data/xhub/boards\XilinxBoardStore\boards\Xilinx\vc707\1.4\board.xml as part xc7vx485tffg1761-2 specified in board_part file is either invalid or not available
WARNING: [Board 49-26] cannot add Board Part xilinx.com:vc707:part0:1.5 available at D:/VIVADO2025/2025.2/data/xhub/boards\XilinxBoardStore\boards\Xilinx\vc707\1.5\board.xml as part xc7vx485tffg1761-2 specified in board_part file is either invalid or not available
WARNING: [Board 49-26] cannot add Board Part xilinx.com:vc709:part0:1.8 available at D:/VIVADO2025/2025.2/data/xhub/boards\XilinxBoardStore\boards\Xilinx\vc709\1.8\board.xml as part xc7vx690tffg1761-2 specified in board_part file is either invalid or not available
WARNING: [Board 49-26] cannot add Board Part xilinx.com:vck190:part0:2.2 available at D:/VIVADO2025/2025.2/data/xhub/boards\XilinxBoardStore\boards\Xilinx\vck190\production\2.2\board.xml as part xcvc1902-vsva2197-2mp-e-s specified in board_part file is either invalid or not available
WARNING: [Board 49-26] cannot add Board Part xilinx.com:vck190:part0:3.0 available at D:/VIVADO2025/2025.2/data/xhub/boards\XilinxBoardStore\boards\Xilinx\vck190\production\3.0\board.xml as part xcvc1902-vsva2197-2mp-e-s specified in board_part file is either invalid or not available
WARNING: [Board 49-26] cannot add Board Part xilinx.com:vck190:part0:3.1 available at D:/VIVADO2025/2025.2/data/xhub/boards\XilinxBoardStore\boards\Xilinx\vck190\production\3.1\board.xml as part xcvc1902-vsva2197-2mp-e-s specified in board_part file is either invalid or not available
WARNING: [Board 49-26] cannot add Board Part xilinx.com:vck190:part0:3.2 available at D:/VIVADO2025/2025.2/data/xhub/boards\XilinxBoardStore\boards\Xilinx\vck190\production\3.2\board.xml as part xcvc1902-vsva2197-2mp-e-s specified in board_part file is either invalid or not available
WARNING: [Board 49-26] cannot add Board Part xilinx.com:vck190:part0:3.3 available at D:/VIVADO2025/2025.2/data/xhub/boards\XilinxBoardStore\boards\Xilinx\vck190\production\3.3\board.xml as part xcvc1902-vsva2197-2mp-e-s specified in board_part file is either invalid or not available
WARNING: [Board 49-26] cannot add Board Part xilinx.com:vck190:part0:3.4 available at D:/VIVADO2025/2025.2/data/xhub/boards\XilinxBoardStore\boards\Xilinx\vck190\production\3.4\board.xml as part xcvc1902-vsva2197-2mp-e-s specified in board_part file is either invalid or not available
WARNING: [Board 49-26] cannot add Board Part xilinx.com:vck190_newl:part0:1.0 available at D:/VIVADO2025/2025.2/data/xhub/boards\XilinxBoardStore\boards\Xilinx\vck190_newl\production\1.0\board.xml as part xcvc1902-vsva2197-2mp-e-s specified in board_part file is either invalid or not available
WARNING: [Board 49-26] cannot add Board Part xilinx.com:vck190_newl:part0:1.1 available at D:/VIVADO2025/2025.2/data/xhub/boards\XilinxBoardStore\boards\Xilinx\vck190_newl\production\1.1\board.xml as part xcvc1902-vsva2197-2mp-e-s specified in board_part file is either invalid or not available
WARNING: [Board 49-26] cannot add Board Part xilinx.com:vck190_newl:part0:1.2 available at D:/VIVADO2025/2025.2/data/xhub/boards\XilinxBoardStore\boards\Xilinx\vck190_newl\production\1.2\board.xml as part xcvc1902-vsva2197-2mp-e-s specified in board_part file is either invalid or not available
WARNING: [Board 49-26] cannot add Board Part xilinx.com:vck190_newl:part0:1.3 available at D:/VIVADO2025/2025.2/data/xhub/boards\XilinxBoardStore\boards\Xilinx\vck190_newl\production\1.3\board.xml as part xcvc1902-vsva2197-2mp-e-s specified in board_part file is either invalid or not available
WARNING: [Board 49-26] cannot add Board Part xilinx.com:vcu108:part0:1.6 available at D:/VIVADO2025/2025.2/data/xhub/boards\XilinxBoardStore\boards\Xilinx\vcu108\1.6\board.xml as part xcvu095-ffva2104-2-e specified in board_part file is either invalid or not available
WARNING: [Board 49-26] cannot add Board Part xilinx.com:vcu108:part0:1.7 available at D:/VIVADO2025/2025.2/data/xhub/boards\XilinxBoardStore\boards\Xilinx\vcu108\1.7\board.xml as part xcvu095-ffva2104-2-e specified in board_part file is either invalid or not available
WARNING: [Board 49-26] cannot add Board Part xilinx.com:vcu110:part0:1.4 available at D:/VIVADO2025/2025.2/data/xhub/boards\XilinxBoardStore\boards\Xilinx\vcu110\1.4\board.xml as part xcvu190-flgc2104-2-e specified in board_part file is either invalid or not available
WARNING: [Board 49-26] cannot add Board Part xilinx.com:vcu118:part0:2.0 available at D:/VIVADO2025/2025.2/data/xhub/boards\XilinxBoardStore\boards\Xilinx\vcu118\2.0\board.xml as part xcvu9p-flga2104-2l-e specified in board_part file is either invalid or not available
WARNING: [Board 49-26] cannot add Board Part xilinx.com:vcu118:part0:2.3 available at D:/VIVADO2025/2025.2/data/xhub/boards\XilinxBoardStore\boards\Xilinx\vcu118\2.3\board.xml as part xcvu9p-flga2104-2l-e specified in board_part file is either invalid or not available
WARNING: [Board 49-26] cannot add Board Part xilinx.com:vcu118:part0:2.4 available at D:/VIVADO2025/2025.2/data/xhub/boards\XilinxBoardStore\boards\Xilinx\vcu118\2.4\board.xml as part xcvu9p-flga2104-2l-e specified in board_part file is either invalid or not available
WARNING: [Board 49-26] cannot add Board Part xilinx.com:vcu128:part0:1.0 available at D:/VIVADO2025/2025.2/data/xhub/boards\XilinxBoardStore\boards\Xilinx\vcu128\production\1.0\board.xml as part xcvu37p-fsvh2892-2l-e specified in board_part file is either invalid or not available
WARNING: [Board 49-26] cannot add Board Part xilinx.com:vcu129:part0:1.0 available at D:/VIVADO2025/2025.2/data/xhub/boards\XilinxBoardStore\boards\Xilinx\vcu129\production\1.0\board.xml as part xcvu29p-fsga2577-2l-e specified in board_part file is either invalid or not available
WARNING: [Board 49-26] cannot add Board Part xilinx.com:vcu1525:part0:1.3 available at D:/VIVADO2025/2025.2/data/xhub/boards\XilinxBoardStore\boards\Xilinx\vcu1525\1.3\board.xml as part xcvu9p-fsgd2104-2l-e specified in board_part file is either invalid or not available
WARNING: [Board 49-26] cannot add Board Part xilinx.com:vek280:part0:1.0 available at D:/VIVADO2025/2025.2/data/xhub/boards\XilinxBoardStore\boards\Xilinx\vek280\production\1.0\board.xml as part xcve2802-vsvh1760-2mp-e-s specified in board_part file is either invalid or not available
WARNING: [Board 49-26] cannot add Board Part xilinx.com:vek280:part0:1.1 available at D:/VIVADO2025/2025.2/data/xhub/boards\XilinxBoardStore\boards\Xilinx\vek280\production\1.1\board.xml as part xcve2802-vsvh1760-2mp-e-s specified in board_part file is either invalid or not available
WARNING: [Board 49-26] cannot add Board Part xilinx.com:vek280:part0:1.2 available at D:/VIVADO2025/2025.2/data/xhub/boards\XilinxBoardStore\boards\Xilinx\vek280\production\1.2\board.xml as part xcve2802-vsvh1760-2mp-e-s specified in board_part file is either invalid or not available
WARNING: [Board 49-26] cannot add Board Part xilinx.com:vek385:part0:1.0 available at D:/VIVADO2025/2025.2/data/xhub/boards\XilinxBoardStore\boards\Xilinx\vek385\1.0\board.xml as part xc2ve3858-ssva2112-2mp-e-s specified in board_part file is either invalid or not available
WARNING: [Board 49-26] cannot add Board Part xilinx.com:vek385:part0:1.1 available at D:/VIVADO2025/2025.2/data/xhub/boards\XilinxBoardStore\boards\Xilinx\vek385\1.1\board.xml as part xc2ve3858-ssva2112-2mp-e-s specified in board_part file is either invalid or not available
WARNING: [Board 49-26] cannot add Board Part xilinx.com:vek385_1:part0:1.0 available at D:/VIVADO2025/2025.2/data/xhub/boards\XilinxBoardStore\boards\Xilinx\vek385_2\1.0\board.xml as part xc2ve3858-ssva2112-2mp-e-s specified in board_part file is either invalid or not available
WARNING: [Board 49-26] cannot add Board Part xilinx.com:vermeo_t1_mpsoc:part0:1.0 available at D:/VIVADO2025/2025.2/data/xhub/boards\XilinxBoardStore\boards\Xilinx\vermeo_t1_mpsoc\1.0\board.xml as part xczu19eg-ffvd1760-2l-e specified in board_part file is either invalid or not available
WARNING: [Board 49-26] cannot add Board Part xilinx.com:vermeo_t1_rfsoc:part0:1.0 available at D:/VIVADO2025/2025.2/data/xhub/boards\XilinxBoardStore\boards\Xilinx\vermeo_t1_rfsoc\1.0\board.xml as part xczu21dr-ffvd1156-2l-e specified in board_part file is either invalid or not available
WARNING: [Board 49-26] cannot add Board Part xilinx.com:vhk158:part0:1.0 available at D:/VIVADO2025/2025.2/data/xhub/boards\XilinxBoardStore\boards\Xilinx\vhk158\production\1.0\board.xml as part xcvh1582-vsva3697-2mp-e-s specified in board_part file is either invalid or not available
WARNING: [Board 49-26] cannot add Board Part xilinx.com:vhk158:part0:1.1 available at D:/VIVADO2025/2025.2/data/xhub/boards\XilinxBoardStore\boards\Xilinx\vhk158\production\1.1\board.xml as part xcvh1582-vsva3697-2mp-e-s specified in board_part file is either invalid or not available
WARNING: [Board 49-26] cannot add Board Part xilinx.com:vhk158:part0:1.2 available at D:/VIVADO2025/2025.2/data/xhub/boards\XilinxBoardStore\boards\Xilinx\vhk158\production\1.2\board.xml as part xcvh1582-vsva3697-2mp-e-s specified in board_part file is either invalid or not available
WARNING: [Board 49-26] cannot add Board Part xilinx.com:vmk180:part0:2.2 available at D:/VIVADO2025/2025.2/data/xhub/boards\XilinxBoardStore\boards\Xilinx\vmk180\production\2.2\board.xml as part xcvm1802-vsva2197-2mp-e-s specified in board_part file is either invalid or not available
WARNING: [Board 49-26] cannot add Board Part xilinx.com:vmk180:part0:3.0 available at D:/VIVADO2025/2025.2/data/xhub/boards\XilinxBoardStore\boards\Xilinx\vmk180\production\3.0\board.xml as part xcvm1802-vsva2197-2mp-e-s specified in board_part file is either invalid or not available
WARNING: [Board 49-26] cannot add Board Part xilinx.com:vmk180:part0:3.1 available at D:/VIVADO2025/2025.2/data/xhub/boards\XilinxBoardStore\boards\Xilinx\vmk180\production\3.1\board.xml as part xcvm1802-vsva2197-2mp-e-s specified in board_part file is either invalid or not available
WARNING: [Board 49-26] cannot add Board Part xilinx.com:vmk180:part0:3.2 available at D:/VIVADO2025/2025.2/data/xhub/boards\XilinxBoardStore\boards\Xilinx\vmk180\production\3.2\board.xml as part xcvm1802-vsva2197-2mp-e-s specified in board_part file is either invalid or not available
WARNING: [Board 49-26] cannot add Board Part xilinx.com:vmk180:part0:3.3 available at D:/VIVADO2025/2025.2/data/xhub/boards\XilinxBoardStore\boards\Xilinx\vmk180\production\3.3\board.xml as part xcvm1802-vsva2197-2mp-e-s specified in board_part file is either invalid or not available
WARNING: [Board 49-26] cannot add Board Part xilinx.com:vmk180_newl:part0:1.0 available at D:/VIVADO2025/2025.2/data/xhub/boards\XilinxBoardStore\boards\Xilinx\vmk180_newl\production\1.0\board.xml as part xcvm1802-vsva2197-2mp-e-s specified in board_part file is either invalid or not available
WARNING: [Board 49-26] cannot add Board Part xilinx.com:vmk180_newl:part0:1.1 available at D:/VIVADO2025/2025.2/data/xhub/boards\XilinxBoardStore\boards\Xilinx\vmk180_newl\production\1.1\board.xml as part xcvm1802-vsva2197-2mp-e-s specified in board_part file is either invalid or not available
WARNING: [Board 49-26] cannot add Board Part xilinx.com:vpk120:part0:1.0 available at D:/VIVADO2025/2025.2/data/xhub/boards\XilinxBoardStore\boards\Xilinx\vpk120\production\1.0\board.xml as part xcvp1202-vsva2785-2mp-e-s specified in board_part file is either invalid or not available
WARNING: [Board 49-26] cannot add Board Part xilinx.com:vpk120:part0:1.1 available at D:/VIVADO2025/2025.2/data/xhub/boards\XilinxBoardStore\boards\Xilinx\vpk120\production\1.1\board.xml as part xcvp1202-vsva2785-2mp-e-s specified in board_part file is either invalid or not available
WARNING: [Board 49-26] cannot add Board Part xilinx.com:vpk120:part0:1.2 available at D:/VIVADO2025/2025.2/data/xhub/boards\XilinxBoardStore\boards\Xilinx\vpk120\production\1.2\board.xml as part xcvp1202-vsva2785-2mp-e-s specified in board_part file is either invalid or not available
WARNING: [Board 49-26] cannot add Board Part xilinx.com:vpk180:part0:1.0 available at D:/VIVADO2025/2025.2/data/xhub/boards\XilinxBoardStore\boards\Xilinx\vpk180\production\1.0\board.xml as part xcvp1802-lsvc4072-2mp-e-s specified in board_part file is either invalid or not available
WARNING: [Board 49-26] cannot add Board Part xilinx.com:vpk180:part0:1.1 available at D:/VIVADO2025/2025.2/data/xhub/boards\XilinxBoardStore\boards\Xilinx\vpk180\production\1.1\board.xml as part xcvp1802-lsvc4072-2mp-e-s specified in board_part file is either invalid or not available
WARNING: [Board 49-26] cannot add Board Part xilinx.com:vpk180:part0:1.2 available at D:/VIVADO2025/2025.2/data/xhub/boards\XilinxBoardStore\boards\Xilinx\vpk180\production\1.2\board.xml as part xcvp1802-lsvc4072-2mp-e-s specified in board_part file is either invalid or not available
WARNING: [Board 49-26] cannot add Board Part xilinx.com:vrk160:part0:1.0 available at D:/VIVADO2025/2025.2/data/xhub/boards\XilinxBoardStore\boards\Xilinx\vrk160\1.0\board.xml as part xcvr1602-vsva2488-2mp-e-s-es1 specified in board_part file is either invalid or not available
WARNING: [Board 49-26] cannot add Board Part xilinx.com:vrk160:part0:1.1 available at D:/VIVADO2025/2025.2/data/xhub/boards\XilinxBoardStore\boards\Xilinx\vrk160\1.1\board.xml as part xcvr1602-vsva2488-2mp-e-s-es1 specified in board_part file is either invalid or not available
WARNING: [Board 49-26] cannot add Board Part xilinx.com:zc702:part0:1.4 available at D:/VIVADO2025/2025.2/data/xhub/boards\XilinxBoardStore\boards\Xilinx\zc702\1.4\board.xml as part xc7z020clg484-1 specified in board_part file is either invalid or not available
WARNING: [Board 49-26] cannot add Board Part xilinx.com:zc706:part0:1.4 available at D:/VIVADO2025/2025.2/data/xhub/boards\XilinxBoardStore\boards\Xilinx\zc706\1.4\board.xml as part xc7z045ffg900-2 specified in board_part file is either invalid or not available
WARNING: [Board 49-26] cannot add Board Part xilinx.com:zc706:part0:1.5 available at D:/VIVADO2025/2025.2/data/xhub/boards\XilinxBoardStore\boards\Xilinx\zc706\1.5\board.xml as part xc7z045ffg900-2 specified in board_part file is either invalid or not available
WARNING: [Board 49-26] cannot add Board Part xilinx.com:zcu102:part0:3.3 available at D:/VIVADO2025/2025.2/data/xhub/boards\XilinxBoardStore\boards\Xilinx\zcu102\3.3\board.xml as part xczu9eg-ffvb1156-2-e specified in board_part file is either invalid or not available
WARNING: [Board 49-26] cannot add Board Part xilinx.com:zcu102:part0:3.4 available at D:/VIVADO2025/2025.2/data/xhub/boards\XilinxBoardStore\boards\Xilinx\zcu102\3.4\board.xml as part xczu9eg-ffvb1156-2-e specified in board_part file is either invalid or not available
WARNING: [Board 49-26] cannot add Board Part xilinx.com:zcu104:part0:1.1 available at D:/VIVADO2025/2025.2/data/xhub/boards\XilinxBoardStore\boards\Xilinx\zcu104\1.1\board.xml as part xczu7ev-ffvc1156-2-e specified in board_part file is either invalid or not available
WARNING: [Board 49-26] cannot add Board Part xilinx.com:zcu106:part0:2.4 available at D:/VIVADO2025/2025.2/data/xhub/boards\XilinxBoardStore\boards\Xilinx\zcu106\2.4\board.xml as part xczu7ev-ffvc1156-2-e specified in board_part file is either invalid or not available
WARNING: [Board 49-26] cannot add Board Part xilinx.com:zcu106:part0:2.5 available at D:/VIVADO2025/2025.2/data/xhub/boards\XilinxBoardStore\boards\Xilinx\zcu106\2.5\board.xml as part xczu7ev-ffvc1156-2-e specified in board_part file is either invalid or not available
WARNING: [Board 49-26] cannot add Board Part xilinx.com:zcu106:part0:2.6 available at D:/VIVADO2025/2025.2/data/xhub/boards\XilinxBoardStore\boards\Xilinx\zcu106\2.6\board.xml as part xczu7ev-ffvc1156-2-e specified in board_part file is either invalid or not available
WARNING: [Board 49-26] cannot add Board Part xilinx.com:zcu111:part0:1.2 available at D:/VIVADO2025/2025.2/data/xhub/boards\XilinxBoardStore\boards\Xilinx\zcu111\1.2\board.xml as part xczu28dr-ffvg1517-2-e specified in board_part file is either invalid or not available
WARNING: [Board 49-26] cannot add Board Part xilinx.com:zcu111:part0:1.3 available at D:/VIVADO2025/2025.2/data/xhub/boards\XilinxBoardStore\boards\Xilinx\zcu111\1.3\board.xml as part xczu28dr-ffvg1517-2-e specified in board_part file is either invalid or not available
WARNING: [Board 49-26] cannot add Board Part xilinx.com:zcu111:part0:1.4 available at D:/VIVADO2025/2025.2/data/xhub/boards\XilinxBoardStore\boards\Xilinx\zcu111\1.4\board.xml as part xczu28dr-ffvg1517-2-e specified in board_part file is either invalid or not available
WARNING: [Board 49-26] cannot add Board Part xilinx.com:zcu1275:part0:1.0 available at D:/VIVADO2025/2025.2/data/xhub/boards\XilinxBoardStore\boards\Xilinx\zcu1275\1.0\board.xml as part xczu29dr-ffvf1760-2-e specified in board_part file is either invalid or not available
WARNING: [Board 49-26] cannot add Board Part xilinx.com:zcu1285:part0:1.0 available at D:/VIVADO2025/2025.2/data/xhub/boards\XilinxBoardStore\boards\Xilinx\zcu1285\1.0\board.xml as part xczu39dr-ffvf1760-2-i specified in board_part file is either invalid or not available
WARNING: [Board 49-26] cannot add Board Part xilinx.com:zcu208:part0:2.0 available at D:/VIVADO2025/2025.2/data/xhub/boards\XilinxBoardStore\boards\Xilinx\zcu208\production\2.0\board.xml as part xczu48dr-fsvg1517-2-e specified in board_part file is either invalid or not available
WARNING: [Board 49-26] cannot add Board Part xilinx.com:zcu208ld:part0:2.0 available at D:/VIVADO2025/2025.2/data/xhub/boards\XilinxBoardStore\boards\Xilinx\zcu208ld\production\2.0\board.xml as part xczu58dr-fsvg1517-2-i specified in board_part file is either invalid or not available
WARNING: [Board 49-26] cannot add Board Part xilinx.com:zcu216:part0:2.0 available at D:/VIVADO2025/2025.2/data/xhub/boards\XilinxBoardStore\boards\Xilinx\zcu216\production\2.0\board.xml as part xczu49dr-ffvf1760-2-e specified in board_part file is either invalid or not available
WARNING: [Board 49-26] cannot add Board Part xilinx.com:zcu216ld:part0:2.0 available at D:/VIVADO2025/2025.2/data/xhub/boards\XilinxBoardStore\boards\Xilinx\zcu216ld\production\2.0\board.xml as part xczu59dr-ffvf1760-2-i specified in board_part file is either invalid or not available
WARNING: [Board 49-26] cannot add Board Part xilinx.com:zcu670:part0:2.0 available at D:/VIVADO2025/2025.2/data/xhub/boards\XilinxBoardStore\boards\Xilinx\zcu670\2.0\board.xml as part xczu67dr-fsve1156-2-i specified in board_part file is either invalid or not available
WARNING: [Board 49-26] cannot add Board Part xilinx.com:zcu670ld:part0:1.0 available at D:/VIVADO2025/2025.2/data/xhub/boards\XilinxBoardStore\boards\Xilinx\zcu670ld\1.0\board.xml as part xczu57dr-fsve1156-2-i specified in board_part file is either invalid or not available
INFO: [filemgmt 56-3] Default IP Output Path : Could not find the directory 'C:/Users/user/Desktop/I SEMESTRE 2026/Taller Digitales/CARPETADEGIT/Proyecto-1-Taller-de-diseno-digital-grupo-4/Simon/Simon.gen/sources_1'.
Scanning sources...
Finished scanning sources
WARNING: [Board 49-26] cannot add Board Part xilinx.com:emb-plus-vpr-4616:part0:1.0 available at D:/VIVADO2025/2025.2/data/xhub/boards\XilinxBoardStore\boards\Xilinx\emb-plus-vpr-4616\1.0\board.xml as part xcve2302-sfva784-2mp-e-s specified in board_part file is either invalid or not available
WARNING: [Board 49-26] cannot add Board Part xilinx.com:emb-plus-vpr-4616:part0:1.1 available at D:/VIVADO2025/2025.2/data/xhub/boards\XilinxBoardStore\boards\Xilinx\emb-plus-vpr-4616\1.1\board.xml as part xcve2302-sfva784-2mp-e-s specified in board_part file is either invalid or not available
WARNING: [Board 49-26] cannot add Board Part xilinx.com:k24c:part0:1.0 available at D:/VIVADO2025/2025.2/data/xhub/boards\XilinxBoardStore\boards\Xilinx\k24c\1.0\board.xml as part xck24-ubva530-2lv-c specified in board_part file is either invalid or not available
INFO: [Common 17-14] Message 'Board 49-26' appears 100 times and further instances of the messages will be disabled. Use the Tcl command set_msg_config to change the current settings.
WARNING: [Project 1-5713] Board part '' set for the project  is not found. BoardPart property will be unset. Please select board from latest repo build 
INFO: [IP_Flow 19-234] Refreshing IP repositories
INFO: [IP_Flow 19-1704] No user IP repositories specified
INFO: [IP_Flow 19-2313] Loaded Vivado IP repository 'D:/VIVADO2025/2025.2/Vivado/data/ip'.
open_project: Time (s): cpu = 00:00:33 ; elapsed = 00:00:15 . Memory (MB): peak = 1607.582 ; gain = 175.582
update_compile_order -fileset sources_1
close [ open {C:/Users/user/Desktop/I SEMESTRE 2026/Taller Digitales/CARPETADEGIT/Proyecto-1-Taller-de-diseno-digital-grupo-4/Simon/Simon.srcs/sources_1/new/decoder_tb.sv} w ]
add_files {{C:/Users/user/Desktop/I SEMESTRE 2026/Taller Digitales/CARPETADEGIT/Proyecto-1-Taller-de-diseno-digital-grupo-4/Simon/Simon.srcs/sources_1/new/decoder_tb.sv}}
close [ open {C:/Users/user/Desktop/I SEMESTRE 2026/Taller Digitales/CARPETADEGIT/Proyecto-1-Taller-de-diseno-digital-grupo-4/Simon/Simon.srcs/sources_1/new/encoder.sv} w ]
add_files {{C:/Users/user/Desktop/I SEMESTRE 2026/Taller Digitales/CARPETADEGIT/Proyecto-1-Taller-de-diseno-digital-grupo-4/Simon/Simon.srcs/sources_1/new/encoder.sv}}
close [ open {C:/Users/user/Desktop/I SEMESTRE 2026/Taller Digitales/CARPETADEGIT/Proyecto-1-Taller-de-diseno-digital-grupo-4/Simon/Simon.srcs/sources_1/new/decoder.sv} w ]
add_files {{C:/Users/user/Desktop/I SEMESTRE 2026/Taller Digitales/CARPETADEGIT/Proyecto-1-Taller-de-diseno-digital-grupo-4/Simon/Simon.srcs/sources_1/new/decoder.sv}}
close [ open {C:/Users/user/Desktop/I SEMESTRE 2026/Taller Digitales/CARPETADEGIT/Proyecto-1-Taller-de-diseno-digital-grupo-4/Simon/Simon.srcs/sources_1/new/encoder_tb.sv} w ]
add_files {{C:/Users/user/Desktop/I SEMESTRE 2026/Taller Digitales/CARPETADEGIT/Proyecto-1-Taller-de-diseno-digital-grupo-4/Simon/Simon.srcs/sources_1/new/encoder_tb.sv}}
update_compile_order -fileset sources_1
WARNING: [filemgmt 56-199] Attempt to get parsing info during refresh. "On-the-fly" syntax checking information may be incorrect. [C:\Users\user\Desktop\I SEMESTRE 2026\Taller Digitales\CARPETADEGIT\Proyecto-1-Taller-de-diseno-digital-grupo-4\Simon\Simon.srcs\sources_1\new\decoder.sv:]
WARNING: [filemgmt 56-199] Attempt to get parsing info during refresh. "On-the-fly" syntax checking information may be incorrect. [C:\Users\user\Desktop\I SEMESTRE 2026\Taller Digitales\CARPETADEGIT\Proyecto-1-Taller-de-diseno-digital-grupo-4\Simon\Simon.srcs\sources_1\new\encoder.sv:]
WARNING: [filemgmt 56-199] Attempt to get parsing info during refresh. "On-the-fly" syntax checking information may be incorrect. [C:\Users\user\Desktop\I SEMESTRE 2026\Taller Digitales\CARPETADEGIT\Proyecto-1-Taller-de-diseno-digital-grupo-4\Simon\Simon.srcs\sources_1\new\encoder_tb.sv:]
WARNING: [filemgmt 56-199] Attempt to get parsing info during refresh. "On-the-fly" syntax checking information may be incorrect. [C:\Users\user\Desktop\I SEMESTRE 2026\Taller Digitales\CARPETADEGIT\Proyecto-1-Taller-de-diseno-digital-grupo-4\Simon\Simon.srcs\sources_1\new\decoder_tb.sv:]
WARNING: [filemgmt 56-199] Attempt to get parsing info during refresh. "On-the-fly" syntax checking information may be incorrect. [C:\Users\user\Desktop\I SEMESTRE 2026\Taller Digitales\CARPETADEGIT\Proyecto-1-Taller-de-diseno-digital-grupo-4\Simon\Simon.srcs\sources_1\new\decoder_tb.sv:]
WARNING: [filemgmt 56-199] Attempt to get parsing info during refresh. "On-the-fly" syntax checking information may be incorrect. [C:\Users\user\Desktop\I SEMESTRE 2026\Taller Digitales\CARPETADEGIT\Proyecto-1-Taller-de-diseno-digital-grupo-4\Simon\Simon.srcs\sources_1\new\decoder_tb.sv:]
WARNING: [filemgmt 56-199] Attempt to get parsing info during refresh. "On-the-fly" syntax checking information may be incorrect. [C:\Users\user\Desktop\I SEMESTRE 2026\Taller Digitales\CARPETADEGIT\Proyecto-1-Taller-de-diseno-digital-grupo-4\Simon\Simon.srcs\sources_1\new\decoder.sv:]
WARNING: [filemgmt 56-199] Attempt to get parsing info during refresh. "On-the-fly" syntax checking information may be incorrect. [C:\Users\user\Desktop\I SEMESTRE 2026\Taller Digitales\CARPETADEGIT\Proyecto-1-Taller-de-diseno-digital-grupo-4\Simon\Simon.srcs\sources_1\new\encoder.sv:]
WARNING: [filemgmt 56-199] Attempt to get parsing info during refresh. "On-the-fly" syntax checking information may be incorrect. [C:\Users\user\Desktop\I SEMESTRE 2026\Taller Digitales\CARPETADEGIT\Proyecto-1-Taller-de-diseno-digital-grupo-4\Simon\Simon.srcs\sources_1\new\encoder_tb.sv:]
WARNING: [filemgmt 56-199] Attempt to get parsing info during refresh. "On-the-fly" syntax checking information may be incorrect. [C:\Users\user\Desktop\I SEMESTRE 2026\Taller Digitales\CARPETADEGIT\Proyecto-1-Taller-de-diseno-digital-grupo-4\Simon\Simon.srcs\sources_1\new\decoder_tb.sv:]
WARNING: [filemgmt 56-199] Attempt to get parsing info during refresh. "On-the-fly" syntax checking information may be incorrect. [C:\Users\user\Desktop\I SEMESTRE 2026\Taller Digitales\CARPETADEGIT\Proyecto-1-Taller-de-diseno-digital-grupo-4\Simon\Simon.srcs\sources_1\new\encoder_tb.sv:]
WARNING: [filemgmt 56-199] Attempt to get parsing info during refresh. "On-the-fly" syntax checking information may be incorrect. [C:\Users\user\Desktop\I SEMESTRE 2026\Taller Digitales\CARPETADEGIT\Proyecto-1-Taller-de-diseno-digital-grupo-4\Simon\Simon.srcs\sources_1\new\encoder_tb.sv:]
WARNING: [filemgmt 56-199] Attempt to get parsing info during refresh. "On-the-fly" syntax checking information may be incorrect. [C:\Users\user\Desktop\I SEMESTRE 2026\Taller Digitales\CARPETADEGIT\Proyecto-1-Taller-de-diseno-digital-grupo-4\Simon\Simon.srcs\sources_1\new\decoder.sv:]
WARNING: [filemgmt 56-199] Attempt to get parsing info during refresh. "On-the-fly" syntax checking information may be incorrect. [C:\Users\user\Desktop\I SEMESTRE 2026\Taller Digitales\CARPETADEGIT\Proyecto-1-Taller-de-diseno-digital-grupo-4\Simon\Simon.srcs\sources_1\new\encoder.sv:]
WARNING: [filemgmt 56-199] Attempt to get parsing info during refresh. "On-the-fly" syntax checking information may be incorrect. [C:\Users\user\Desktop\I SEMESTRE 2026\Taller Digitales\CARPETADEGIT\Proyecto-1-Taller-de-diseno-digital-grupo-4\Simon\Simon.srcs\sources_1\new\encoder_tb.sv:]
WARNING: [filemgmt 56-199] Attempt to get parsing info during refresh. "On-the-fly" syntax checking information may be incorrect. [C:\Users\user\Desktop\I SEMESTRE 2026\Taller Digitales\CARPETADEGIT\Proyecto-1-Taller-de-diseno-digital-grupo-4\Simon\Simon.srcs\sources_1\new\decoder_tb.sv:]
WARNING: [filemgmt 56-199] Attempt to get parsing info during refresh. "On-the-fly" syntax checking information may be incorrect. [C:\Users\user\Desktop\I SEMESTRE 2026\Taller Digitales\CARPETADEGIT\Proyecto-1-Taller-de-diseno-digital-grupo-4\Simon\Simon.srcs\sources_1\new\encoder.sv:]
WARNING: [filemgmt 56-199] Attempt to get parsing info during refresh. "On-the-fly" syntax checking information may be incorrect. [C:\Users\user\Desktop\I SEMESTRE 2026\Taller Digitales\CARPETADEGIT\Proyecto-1-Taller-de-diseno-digital-grupo-4\Simon\Simon.srcs\sources_1\new\encoder.sv:]
set_property top encoder_param_tb [get_filesets sim_1]
set_property top_lib xil_defaultlib [get_filesets sim_1]
launch_simulation
Command: launch_simulation 
INFO: [Vivado 12-25911] Executing simulation for 'XSim' simulator
INFO: [Vivado 12-28535] Process started - Sun Mar  1 12:56:40 2026

INFO: [Vivado 12-12493] Simulation top is 'encoder_param_tb'
INFO: [Vivado 12-5682] Launching behavioral simulation in 'C:/Users/user/Desktop/I SEMESTRE 2026/Taller Digitales/CARPETADEGIT/Proyecto-1-Taller-de-diseno-digital-grupo-4/Simon/Simon.sim/sim_1/behav/xsim'
INFO: [SIM-utils-51] Simulation object is 'sim_1'
INFO: [SIM-utils-72] Using boost library from 'D:/VIVADO2025/2025.2/Vivado/tps/boost_1_72_0'
INFO: [SIM-utils-54] Inspecting design source files for 'encoder_param_tb' in fileset 'sim_1'...
INFO: [USF-XSim-97] Finding global include files...
INFO: [USF-XSim-98] Fetching design files from 'sim_1'...
INFO: [USF-XSim-2] XSim::Compile design
INFO: [USF-XSim-61] Executing 'COMPILE and ANALYZE' step in 'C:/Users/user/Desktop/I SEMESTRE 2026/Taller Digitales/CARPETADEGIT/Proyecto-1-Taller-de-diseno-digital-grupo-4/Simon/Simon.sim/sim_1/behav/xsim'
"xvlog --incr --relax -L uvm -prj encoder_param_tb_vlog.prj"
INFO: [VRFC 10-2263] Analyzing SystemVerilog file "C:/Users/user/Desktop/I SEMESTRE 2026/Taller Digitales/CARPETADEGIT/Proyecto-1-Taller-de-diseno-digital-grupo-4/Simon/Simon.srcs/sources_1/new/encoder.sv" into library xil_defaultlib
INFO: [VRFC 10-311] analyzing module encoder_param
INFO: [VRFC 10-2263] Analyzing SystemVerilog file "C:/Users/user/Desktop/I SEMESTRE 2026/Taller Digitales/CARPETADEGIT/Proyecto-1-Taller-de-diseno-digital-grupo-4/Simon/Simon.srcs/sources_1/new/encoder_tb.sv" into library xil_defaultlib
INFO: [VRFC 10-311] analyzing module encoder_param_tb
INFO: [VRFC 10-2263] Analyzing Verilog file "C:/Users/user/Desktop/I SEMESTRE 2026/Taller Digitales/CARPETADEGIT/Proyecto-1-Taller-de-diseno-digital-grupo-4/Simon/Simon.sim/sim_1/behav/xsim/glbl.v" into library xil_defaultlib
INFO: [VRFC 10-311] analyzing module glbl
INFO: [USF-XSim-69] 'compile' step finished in '3' seconds
INFO: [USF-XSim-3] XSim::Elaborate design
INFO: [USF-XSim-61] Executing 'ELABORATE' step in 'C:/Users/user/Desktop/I SEMESTRE 2026/Taller Digitales/CARPETADEGIT/Proyecto-1-Taller-de-diseno-digital-grupo-4/Simon/Simon.sim/sim_1/behav/xsim'
"xelab --incr --debug typical --relax --mt 2 -L xil_defaultlib -L uvm -L unisims_ver -L unimacro_ver -L secureip --snapshot encoder_param_tb_behav xil_defaultlib.encoder_param_tb xil_defaultlib.glbl -log elaborate.log"
Vivado Simulator v2025.2
Copyright 1986-2022 Xilinx, Inc. All Rights Reserved.
Copyright 2022-2025 Advanced Micro Devices, Inc. All Rights Reserved.
Running: D:/VIVADO2025/2025.2/Vivado/bin/unwrapped/win64.o/xelab.exe --incr --debug typical --relax --mt 2 -L xil_defaultlib -L uvm -L unisims_ver -L unimacro_ver -L secureip --snapshot encoder_param_tb_behav xil_defaultlib.encoder_param_tb xil_defaultlib.glbl -log elaborate.log 
Using 2 slave threads.
Starting static elaboration
Pass Through NonSizing Optimizer
Completed static elaboration
Starting simulation data flow analysis
Completed simulation data flow analysis
Time Resolution for simulation is 1ps
Compiling module xil_defaultlib.encoder_param
Compiling module xil_defaultlib.encoder_param_tb
Compiling module xil_defaultlib.glbl
Built simulation snapshot encoder_param_tb_behav
INFO: [USF-XSim-69] 'elaborate' step finished in '2' seconds
INFO: [USF-XSim-4] XSim::Simulate design
INFO: [USF-XSim-61] Executing 'SIMULATE' step in 'C:/Users/user/Desktop/I SEMESTRE 2026/Taller Digitales/CARPETADEGIT/Proyecto-1-Taller-de-diseno-digital-grupo-4/Simon/Simon.sim/sim_1/behav/xsim'
INFO: [USF-XSim-98] *** Running xsim
   with args "encoder_param_tb_behav -key {Behavioral:sim_1:Functional:encoder_param_tb} -tclbatch {encoder_param_tb.tcl} -log {simulate.log}"
INFO: [USF-XSim-8] Loading simulator feature
Time resolution is 1 ps
source encoder_param_tb.tcl
# set curr_wave [current_wave_config]
# if { [string length $curr_wave] == 0 } {
#   if { [llength [get_objects]] > 0} {
#     add_wave /
#     set_property needs_save false [current_wave_config]
#   } else {
#      send_msg_id Add_Wave-1 WARNING "No top level signals found. Simulator will start without a wave window. If you want to open a wave window go to 'File->New Waveform Configuration' or type 'create_wave_config' in the TCL console."
#   }
# }
# run 1000ns
$finish called at time : 100 ns : File "C:/Users/user/Desktop/I SEMESTRE 2026/Taller Digitales/CARPETADEGIT/Proyecto-1-Taller-de-diseno-digital-grupo-4/Simon/Simon.srcs/sources_1/new/encoder_tb.sv" Line 49
INFO: [USF-XSim-96] XSim completed. Design snapshot 'encoder_param_tb_behav' loaded.
INFO: [USF-XSim-97] XSim simulation ran for 1000ns
launch_simulation: Time (s): cpu = 00:00:09 ; elapsed = 00:00:11 . Memory (MB): peak = 1675.410 ; gain = 27.547
set_property top decoparam_tb [current_fileset]
update_compile_order -fileset sources_1
close_sim
INFO: [Simtcl 6-16] Simulation closed
launch_simulation
Command: launch_simulation 
INFO: [Vivado 12-25911] Executing simulation for 'XSim' simulator
INFO: [Vivado 12-28535] Process started - Sun Mar  1 12:57:35 2026

INFO: [Vivado 12-12493] Simulation top is 'encoder_param_tb'
INFO: [Vivado 12-5682] Launching behavioral simulation in 'C:/Users/user/Desktop/I SEMESTRE 2026/Taller Digitales/CARPETADEGIT/Proyecto-1-Taller-de-diseno-digital-grupo-4/Simon/Simon.sim/sim_1/behav/xsim'
INFO: [SIM-utils-51] Simulation object is 'sim_1'
INFO: [SIM-utils-72] Using boost library from 'D:/VIVADO2025/2025.2/Vivado/tps/boost_1_72_0'
INFO: [SIM-utils-54] Inspecting design source files for 'encoder_param_tb' in fileset 'sim_1'...
INFO: [USF-XSim-97] Finding global include files...
INFO: [USF-XSim-98] Fetching design files from 'sim_1'...
INFO: [USF-XSim-2] XSim::Compile design
INFO: [USF-XSim-61] Executing 'COMPILE and ANALYZE' step in 'C:/Users/user/Desktop/I SEMESTRE 2026/Taller Digitales/CARPETADEGIT/Proyecto-1-Taller-de-diseno-digital-grupo-4/Simon/Simon.sim/sim_1/behav/xsim'
"xvlog --incr --relax -L uvm -prj encoder_param_tb_vlog.prj"
INFO: [USF-XSim-69] 'compile' step finished in '2' seconds
INFO: [USF-XSim-3] XSim::Elaborate design
INFO: [USF-XSim-61] Executing 'ELABORATE' step in 'C:/Users/user/Desktop/I SEMESTRE 2026/Taller Digitales/CARPETADEGIT/Proyecto-1-Taller-de-diseno-digital-grupo-4/Simon/Simon.sim/sim_1/behav/xsim'
"xelab --incr --debug typical --relax --mt 2 -L xil_defaultlib -L uvm -L unisims_ver -L unimacro_ver -L secureip --snapshot encoder_param_tb_behav xil_defaultlib.encoder_param_tb xil_defaultlib.glbl -log elaborate.log"
Vivado Simulator v2025.2
Copyright 1986-2022 Xilinx, Inc. All Rights Reserved.
Copyright 2022-2025 Advanced Micro Devices, Inc. All Rights Reserved.
Running: D:/VIVADO2025/2025.2/Vivado/bin/unwrapped/win64.o/xelab.exe --incr --debug typical --relax --mt 2 -L xil_defaultlib -L uvm -L unisims_ver -L unimacro_ver -L secureip --snapshot encoder_param_tb_behav xil_defaultlib.encoder_param_tb xil_defaultlib.glbl -log elaborate.log 
Using 2 slave threads.
Starting static elaboration
Pass Through NonSizing Optimizer
Completed static elaboration
INFO: [XSIM 43-4323] No Change in HDL. Linking previously generated obj files to create kernel
INFO: [USF-XSim-69] 'elaborate' step finished in '2' seconds
INFO: [USF-XSim-4] XSim::Simulate design
INFO: [USF-XSim-61] Executing 'SIMULATE' step in 'C:/Users/user/Desktop/I SEMESTRE 2026/Taller Digitales/CARPETADEGIT/Proyecto-1-Taller-de-diseno-digital-grupo-4/Simon/Simon.sim/sim_1/behav/xsim'
INFO: [USF-XSim-98] *** Running xsim
   with args "encoder_param_tb_behav -key {Behavioral:sim_1:Functional:encoder_param_tb} -tclbatch {encoder_param_tb.tcl} -log {simulate.log}"
INFO: [USF-XSim-8] Loading simulator feature
Time resolution is 1 ps
source encoder_param_tb.tcl
# set curr_wave [current_wave_config]
# if { [string length $curr_wave] == 0 } {
#   if { [llength [get_objects]] > 0} {
#     add_wave /
#     set_property needs_save false [current_wave_config]
#   } else {
#      send_msg_id Add_Wave-1 WARNING "No top level signals found. Simulator will start without a wave window. If you want to open a wave window go to 'File->New Waveform Configuration' or type 'create_wave_config' in the TCL console."
#   }
# }
# run 1000ns
$finish called at time : 100 ns : File "C:/Users/user/Desktop/I SEMESTRE 2026/Taller Digitales/CARPETADEGIT/Proyecto-1-Taller-de-diseno-digital-grupo-4/Simon/Simon.srcs/sources_1/new/encoder_tb.sv" Line 49
INFO: [USF-XSim-96] XSim completed. Design snapshot 'encoder_param_tb_behav' loaded.
INFO: [USF-XSim-97] XSim simulation ran for 1000ns
launch_simulation: Time (s): cpu = 00:00:05 ; elapsed = 00:00:07 . Memory (MB): peak = 1675.410 ; gain = 0.000
set_property top decoparam_tb [get_filesets sim_1]
set_property top_lib xil_defaultlib [get_filesets sim_1]
launch_simulation
Command: launch_simulation 
INFO: [Vivado 12-25911] Executing simulation for 'XSim' simulator
INFO: [Vivado 12-28535] Process started - Sun Mar  1 12:58:09 2026

INFO: [Vivado 12-12493] Simulation top is 'decoparam_tb'
boost::filesystem::remove: The process cannot access the file because it is being used by another process: "C:/Users/user/Desktop/I SEMESTRE 2026/Taller Digitales/CARPETADEGIT/Proyecto-1-Taller-de-diseno-digital-grupo-4/Simon/Simon.sim/sim_1/behav/xsim/simulate.log"
set_property top LFSR_16bit_tb [get_filesets sim_1]
set_property top_lib xil_defaultlib [get_filesets sim_1]
launch_simulation
Command: launch_simulation 
INFO: [Vivado 12-25911] Executing simulation for 'XSim' simulator
INFO: [Vivado 12-28535] Process started - Sun Mar  1 12:58:26 2026

INFO: [Vivado 12-12493] Simulation top is 'LFSR_16bit_tb'
boost::filesystem::remove: The process cannot access the file because it is being used by another process: "C:/Users/user/Desktop/I SEMESTRE 2026/Taller Digitales/CARPETADEGIT/Proyecto-1-Taller-de-diseno-digital-grupo-4/Simon/Simon.sim/sim_1/behav/xsim/simulate.log"
close_sim
INFO: [Simtcl 6-16] Simulation closed
launch_simulation
Command: launch_simulation 
INFO: [Vivado 12-25911] Executing simulation for 'XSim' simulator
INFO: [Vivado 12-28535] Process started - Sun Mar  1 12:59:00 2026

INFO: [Vivado 12-12493] Simulation top is 'LFSR_16bit_tb'
INFO: [Vivado 12-5682] Launching behavioral simulation in 'C:/Users/user/Desktop/I SEMESTRE 2026/Taller Digitales/CARPETADEGIT/Proyecto-1-Taller-de-diseno-digital-grupo-4/Simon/Simon.sim/sim_1/behav/xsim'
INFO: [SIM-utils-51] Simulation object is 'sim_1'
INFO: [SIM-utils-72] Using boost library from 'D:/VIVADO2025/2025.2/Vivado/tps/boost_1_72_0'
INFO: [SIM-utils-54] Inspecting design source files for 'LFSR_16bit_tb' in fileset 'sim_1'...
INFO: [USF-XSim-97] Finding global include files...
INFO: [USF-XSim-98] Fetching design files from 'sim_1'...
INFO: [USF-XSim-2] XSim::Compile design
INFO: [USF-XSim-61] Executing 'COMPILE and ANALYZE' step in 'C:/Users/user/Desktop/I SEMESTRE 2026/Taller Digitales/CARPETADEGIT/Proyecto-1-Taller-de-diseno-digital-grupo-4/Simon/Simon.sim/sim_1/behav/xsim'
"xvlog --incr --relax -L uvm -prj LFSR_16bit_tb_vlog.prj"
INFO: [VRFC 10-2263] Analyzing SystemVerilog file "C:/Users/user/Desktop/I SEMESTRE 2026/Taller Digitales/CARPETADEGIT/Proyecto-1-Taller-de-diseno-digital-grupo-4/Simon/Simon.srcs/sources_1/new/lsfr16.sv" into library xil_defaultlib
INFO: [VRFC 10-311] analyzing module LFSR_16bit
INFO: [VRFC 10-2263] Analyzing SystemVerilog file "C:/Users/user/Desktop/I SEMESTRE 2026/Taller Digitales/CARPETADEGIT/Proyecto-1-Taller-de-diseno-digital-grupo-4/Simon/Simon.srcs/sources_1/new/lsfr16_tb.sv" into library xil_defaultlib
INFO: [VRFC 10-311] analyzing module LFSR_16bit_tb
INFO: [USF-XSim-69] 'compile' step finished in '2' seconds
INFO: [USF-XSim-3] XSim::Elaborate design
INFO: [USF-XSim-61] Executing 'ELABORATE' step in 'C:/Users/user/Desktop/I SEMESTRE 2026/Taller Digitales/CARPETADEGIT/Proyecto-1-Taller-de-diseno-digital-grupo-4/Simon/Simon.sim/sim_1/behav/xsim'
"xelab --incr --debug typical --relax --mt 2 -L xil_defaultlib -L uvm -L unisims_ver -L unimacro_ver -L secureip --snapshot LFSR_16bit_tb_behav xil_defaultlib.LFSR_16bit_tb xil_defaultlib.glbl -log elaborate.log"
Vivado Simulator v2025.2
Copyright 1986-2022 Xilinx, Inc. All Rights Reserved.
Copyright 2022-2025 Advanced Micro Devices, Inc. All Rights Reserved.
Running: D:/VIVADO2025/2025.2/Vivado/bin/unwrapped/win64.o/xelab.exe --incr --debug typical --relax --mt 2 -L xil_defaultlib -L uvm -L unisims_ver -L unimacro_ver -L secureip --snapshot LFSR_16bit_tb_behav xil_defaultlib.LFSR_16bit_tb xil_defaultlib.glbl -log elaborate.log 
Using 2 slave threads.
Starting static elaboration
Pass Through NonSizing Optimizer
Completed static elaboration
Starting simulation data flow analysis
WARNING: [XSIM 43-4099] "C:/Users/user/Desktop/I SEMESTRE 2026/Taller Digitales/CARPETADEGIT/Proyecto-1-Taller-de-diseno-digital-grupo-4/Simon/Simon.srcs/sources_1/new/lsfr16.sv" Line 1. Module LFSR_16bit doesn't have a timescale but at least one module in design has a timescale.
Completed simulation data flow analysis
Time Resolution for simulation is 1ps
Compiling module xil_defaultlib.LFSR_16bit
Compiling module xil_defaultlib.LFSR_16bit_tb
Compiling module xil_defaultlib.glbl
Built simulation snapshot LFSR_16bit_tb_behav
INFO: [USF-XSim-69] 'elaborate' step finished in '3' seconds
INFO: [USF-XSim-4] XSim::Simulate design
INFO: [USF-XSim-61] Executing 'SIMULATE' step in 'C:/Users/user/Desktop/I SEMESTRE 2026/Taller Digitales/CARPETADEGIT/Proyecto-1-Taller-de-diseno-digital-grupo-4/Simon/Simon.sim/sim_1/behav/xsim'
INFO: [USF-XSim-98] *** Running xsim
   with args "LFSR_16bit_tb_behav -key {Behavioral:sim_1:Functional:LFSR_16bit_tb} -tclbatch {LFSR_16bit_tb.tcl} -log {simulate.log}"
INFO: [USF-XSim-8] Loading simulator feature
Time resolution is 1 ps
source LFSR_16bit_tb.tcl
# set curr_wave [current_wave_config]
# if { [string length $curr_wave] == 0 } {
#   if { [llength [get_objects]] > 0} {
#     add_wave /
#     set_property needs_save false [current_wave_config]
#   } else {
#      send_msg_id Add_Wave-1 WARNING "No top level signals found. Simulator will start without a wave window. If you want to open a wave window go to 'File->New Waveform Configuration' or type 'create_wave_config' in the TCL console."
#   }
# }
# run 1000ns
Time=0 | rst=0 | sw=ace1 | op=xxxx
Time=10000 | rst=1 | sw=ace1 | op=ace1
Time=20000 | rst=0 | sw=ace1 | op=ace1
Time=25000 | rst=0 | sw=ace1 | op=59c3
Time=35000 | rst=0 | sw=ace1 | op=b387
Time=45000 | rst=0 | sw=ace1 | op=670f
Time=55000 | rst=0 | sw=ace1 | op=ce1e
Time=65000 | rst=0 | sw=ace1 | op=9c3c
Time=75000 | rst=0 | sw=ace1 | op=3879
Time=85000 | rst=0 | sw=ace1 | op=70f2
Time=95000 | rst=0 | sw=ace1 | op=e1e4
Time=105000 | rst=0 | sw=ace1 | op=c3c8
Time=115000 | rst=0 | sw=ace1 | op=8791
Time=125000 | rst=0 | sw=ace1 | op=0f22
Time=135000 | rst=0 | sw=ace1 | op=1e45
Time=145000 | rst=0 | sw=ace1 | op=3c8a
Time=155000 | rst=0 | sw=ace1 | op=7915
Time=165000 | rst=0 | sw=ace1 | op=f22a
Time=175000 | rst=0 | sw=ace1 | op=e455
Time=185000 | rst=0 | sw=ace1 | op=c8ab
Time=195000 | rst=0 | sw=ace1 | op=9157
Time=205000 | rst=0 | sw=ace1 | op=22ae
Time=215000 | rst=0 | sw=ace1 | op=455d
Time=220000 | rst=0 | sw=1234 | op=455d
Time=225000 | rst=0 | sw=1234 | op=8abb
Time=230000 | rst=1 | sw=1234 | op=1234
Time=240000 | rst=0 | sw=1234 | op=1234
Time=245000 | rst=0 | sw=1234 | op=2469
Time=255000 | rst=0 | sw=1234 | op=48d2
Time=265000 | rst=0 | sw=1234 | op=91a4
Time=275000 | rst=0 | sw=1234 | op=2348
Time=285000 | rst=0 | sw=1234 | op=4691
Time=295000 | rst=0 | sw=1234 | op=8d23
Time=305000 | rst=0 | sw=1234 | op=1a46
Time=315000 | rst=0 | sw=1234 | op=348d
Time=325000 | rst=0 | sw=1234 | op=691b
Time=335000 | rst=0 | sw=1234 | op=d237
Time=345000 | rst=0 | sw=1234 | op=a46e
Time=355000 | rst=0 | sw=1234 | op=48dd
Time=365000 | rst=0 | sw=1234 | op=91ba
Time=375000 | rst=0 | sw=1234 | op=2374
Time=385000 | rst=0 | sw=1234 | op=46e9
Time=395000 | rst=0 | sw=1234 | op=8dd3
Time=405000 | rst=0 | sw=1234 | op=1ba6
Time=415000 | rst=0 | sw=1234 | op=374d
Time=425000 | rst=0 | sw=1234 | op=6e9b
Time=435000 | rst=0 | sw=1234 | op=dd36
Time=440000 | rst=0 | sw=0000 | op=dd36
Time=445000 | rst=0 | sw=0000 | op=ba6d
Time=450000 | rst=1 | sw=0000 | op=0001
Time=460000 | rst=0 | sw=0000 | op=0001
Time=465000 | rst=0 | sw=0000 | op=0002
Time=475000 | rst=0 | sw=0000 | op=0004
Time=485000 | rst=0 | sw=0000 | op=0008
Time=495000 | rst=0 | sw=0000 | op=0010
Time=505000 | rst=0 | sw=0000 | op=0020
Time=515000 | rst=0 | sw=0000 | op=0040
Time=525000 | rst=0 | sw=0000 | op=0080
Time=535000 | rst=0 | sw=0000 | op=0100
Time=545000 | rst=0 | sw=0000 | op=0200
Time=555000 | rst=0 | sw=0000 | op=0400
$finish called at time : 560 ns : File "C:/Users/user/Desktop/I SEMESTRE 2026/Taller Digitales/CARPETADEGIT/Proyecto-1-Taller-de-diseno-digital-grupo-4/Simon/Simon.srcs/sources_1/new/lsfr16_tb.sv" Line 54
INFO: [USF-XSim-96] XSim completed. Design snapshot 'LFSR_16bit_tb_behav' loaded.
INFO: [USF-XSim-97] XSim simulation ran for 1000ns
launch_simulation: Time (s): cpu = 00:00:04 ; elapsed = 00:00:08 . Memory (MB): peak = 1675.410 ; gain = 0.000
close_sim
INFO: [Simtcl 6-16] Simulation closed
launch_simulation
Command: launch_simulation 
INFO: [Vivado 12-25911] Executing simulation for 'XSim' simulator
INFO: [Vivado 12-28535] Process started - Sun Mar  1 13:01:25 2026

INFO: [Vivado 12-12493] Simulation top is 'LFSR_16bit_tb'
INFO: [Vivado 12-5682] Launching behavioral simulation in 'C:/Users/user/Desktop/I SEMESTRE 2026/Taller Digitales/CARPETADEGIT/Proyecto-1-Taller-de-diseno-digital-grupo-4/Simon/Simon.sim/sim_1/behav/xsim'
INFO: [SIM-utils-51] Simulation object is 'sim_1'
INFO: [SIM-utils-72] Using boost library from 'D:/VIVADO2025/2025.2/Vivado/tps/boost_1_72_0'
INFO: [SIM-utils-54] Inspecting design source files for 'LFSR_16bit_tb' in fileset 'sim_1'...
INFO: [USF-XSim-97] Finding global include files...
INFO: [USF-XSim-98] Fetching design files from 'sim_1'...
INFO: [USF-XSim-2] XSim::Compile design
INFO: [USF-XSim-61] Executing 'COMPILE and ANALYZE' step in 'C:/Users/user/Desktop/I SEMESTRE 2026/Taller Digitales/CARPETADEGIT/Proyecto-1-Taller-de-diseno-digital-grupo-4/Simon/Simon.sim/sim_1/behav/xsim'
"xvlog --incr --relax -L uvm -prj LFSR_16bit_tb_vlog.prj"
INFO: [VRFC 10-2263] Analyzing SystemVerilog file "C:/Users/user/Desktop/I SEMESTRE 2026/Taller Digitales/CARPETADEGIT/Proyecto-1-Taller-de-diseno-digital-grupo-4/Simon/Simon.srcs/sources_1/new/lsfr16.sv" into library xil_defaultlib
INFO: [VRFC 10-311] analyzing module LFSR_16bit
INFO: [VRFC 10-2263] Analyzing SystemVerilog file "C:/Users/user/Desktop/I SEMESTRE 2026/Taller Digitales/CARPETADEGIT/Proyecto-1-Taller-de-diseno-digital-grupo-4/Simon/Simon.srcs/sources_1/new/lsfr16_tb.sv" into library xil_defaultlib
INFO: [VRFC 10-311] analyzing module LFSR_16bit_tb
INFO: [USF-XSim-69] 'compile' step finished in '3' seconds
INFO: [USF-XSim-3] XSim::Elaborate design
INFO: [USF-XSim-61] Executing 'ELABORATE' step in 'C:/Users/user/Desktop/I SEMESTRE 2026/Taller Digitales/CARPETADEGIT/Proyecto-1-Taller-de-diseno-digital-grupo-4/Simon/Simon.sim/sim_1/behav/xsim'
"xelab --incr --debug typical --relax --mt 2 -L xil_defaultlib -L uvm -L unisims_ver -L unimacro_ver -L secureip --snapshot LFSR_16bit_tb_behav xil_defaultlib.LFSR_16bit_tb xil_defaultlib.glbl -log elaborate.log"
Vivado Simulator v2025.2
Copyright 1986-2022 Xilinx, Inc. All Rights Reserved.
Copyright 2022-2025 Advanced Micro Devices, Inc. All Rights Reserved.
Running: D:/VIVADO2025/2025.2/Vivado/bin/unwrapped/win64.o/xelab.exe --incr --debug typical --relax --mt 2 -L xil_defaultlib -L uvm -L unisims_ver -L unimacro_ver -L secureip --snapshot LFSR_16bit_tb_behav xil_defaultlib.LFSR_16bit_tb xil_defaultlib.glbl -log elaborate.log 
Using 2 slave threads.
Starting static elaboration
Pass Through NonSizing Optimizer
Completed static elaboration
Starting simulation data flow analysis
WARNING: [XSIM 43-4099] "C:/Users/user/Desktop/I SEMESTRE 2026/Taller Digitales/CARPETADEGIT/Proyecto-1-Taller-de-diseno-digital-grupo-4/Simon/Simon.srcs/sources_1/new/lsfr16.sv" Line 1. Module LFSR_16bit doesn't have a timescale but at least one module in design has a timescale.
Completed simulation data flow analysis
Time Resolution for simulation is 1ps
Compiling module xil_defaultlib.LFSR_16bit
Compiling module xil_defaultlib.LFSR_16bit_tb
Compiling module xil_defaultlib.glbl
Built simulation snapshot LFSR_16bit_tb_behav
INFO: [USF-XSim-69] 'elaborate' step finished in '2' seconds
INFO: [USF-XSim-4] XSim::Simulate design
INFO: [USF-XSim-61] Executing 'SIMULATE' step in 'C:/Users/user/Desktop/I SEMESTRE 2026/Taller Digitales/CARPETADEGIT/Proyecto-1-Taller-de-diseno-digital-grupo-4/Simon/Simon.sim/sim_1/behav/xsim'
INFO: [USF-XSim-98] *** Running xsim
   with args "LFSR_16bit_tb_behav -key {Behavioral:sim_1:Functional:LFSR_16bit_tb} -tclbatch {LFSR_16bit_tb.tcl} -log {simulate.log}"
INFO: [USF-XSim-8] Loading simulator feature
Time resolution is 1 ps
source LFSR_16bit_tb.tcl
# set curr_wave [current_wave_config]
# if { [string length $curr_wave] == 0 } {
#   if { [llength [get_objects]] > 0} {
#     add_wave /
#     set_property needs_save false [current_wave_config]
#   } else {
#      send_msg_id Add_Wave-1 WARNING "No top level signals found. Simulator will start without a wave window. If you want to open a wave window go to 'File->New Waveform Configuration' or type 'create_wave_config' in the TCL console."
#   }
# }
# run 1000ns
Time=0 | rst=0 | sw=ace1 | op=xxxx
Time=10000 | rst=1 | sw=ace1 | op=ace1
Time=20000 | rst=0 | sw=ace1 | op=ace1
Time=25000 | rst=0 | sw=ace1 | op=59c3
Time=35000 | rst=0 | sw=ace1 | op=b387
Time=45000 | rst=0 | sw=ace1 | op=670f
Time=55000 | rst=0 | sw=ace1 | op=ce1e
Time=65000 | rst=0 | sw=ace1 | op=9c3c
Time=75000 | rst=0 | sw=ace1 | op=3879
Time=85000 | rst=0 | sw=ace1 | op=70f2
Time=95000 | rst=0 | sw=ace1 | op=e1e4
Time=105000 | rst=0 | sw=ace1 | op=c3c8
Time=115000 | rst=0 | sw=ace1 | op=8791
Time=125000 | rst=0 | sw=ace1 | op=0f22
Time=135000 | rst=0 | sw=ace1 | op=1e45
Time=145000 | rst=0 | sw=ace1 | op=3c8a
Time=155000 | rst=0 | sw=ace1 | op=7915
Time=165000 | rst=0 | sw=ace1 | op=f22a
Time=175000 | rst=0 | sw=ace1 | op=e455
Time=185000 | rst=0 | sw=ace1 | op=c8ab
Time=195000 | rst=0 | sw=ace1 | op=9157
Time=205000 | rst=0 | sw=ace1 | op=22ae
Time=215000 | rst=0 | sw=ace1 | op=455d
Time=220000 | rst=0 | sw=1234 | op=455d
Time=225000 | rst=0 | sw=1234 | op=8abb
Time=230000 | rst=1 | sw=1234 | op=1234
Time=240000 | rst=0 | sw=1234 | op=1234
Time=245000 | rst=0 | sw=1234 | op=2469
Time=255000 | rst=0 | sw=1234 | op=48d2
Time=265000 | rst=0 | sw=1234 | op=91a4
Time=275000 | rst=0 | sw=1234 | op=2348
Time=285000 | rst=0 | sw=1234 | op=4691
Time=295000 | rst=0 | sw=1234 | op=8d23
Time=305000 | rst=0 | sw=1234 | op=1a46
Time=315000 | rst=0 | sw=1234 | op=348d
Time=325000 | rst=0 | sw=1234 | op=691b
Time=335000 | rst=0 | sw=1234 | op=d237
Time=345000 | rst=0 | sw=1234 | op=a46e
Time=355000 | rst=0 | sw=1234 | op=48dd
Time=365000 | rst=0 | sw=1234 | op=91ba
Time=375000 | rst=0 | sw=1234 | op=2374
Time=385000 | rst=0 | sw=1234 | op=46e9
Time=395000 | rst=0 | sw=1234 | op=8dd3
Time=405000 | rst=0 | sw=1234 | op=1ba6
Time=415000 | rst=0 | sw=1234 | op=374d
Time=425000 | rst=0 | sw=1234 | op=6e9b
Time=435000 | rst=0 | sw=1234 | op=dd36
Time=440000 | rst=0 | sw=0000 | op=dd36
Time=445000 | rst=0 | sw=0000 | op=ba6d
Time=450000 | rst=1 | sw=0000 | op=0001
Time=460000 | rst=0 | sw=0000 | op=0001
Time=465000 | rst=0 | sw=0000 | op=0002
Time=475000 | rst=0 | sw=0000 | op=0004
Time=485000 | rst=0 | sw=0000 | op=0008
Time=495000 | rst=0 | sw=0000 | op=0010
Time=505000 | rst=0 | sw=0000 | op=0020
Time=515000 | rst=0 | sw=0000 | op=0040
Time=525000 | rst=0 | sw=0000 | op=0080
Time=535000 | rst=0 | sw=0000 | op=0100
Time=545000 | rst=0 | sw=0000 | op=0200
Time=555000 | rst=0 | sw=0000 | op=0400
$finish called at time : 560 ns : File "C:/Users/user/Desktop/I SEMESTRE 2026/Taller Digitales/CARPETADEGIT/Proyecto-1-Taller-de-diseno-digital-grupo-4/Simon/Simon.srcs/sources_1/new/lsfr16_tb.sv" Line 54
INFO: [USF-XSim-96] XSim completed. Design snapshot 'LFSR_16bit_tb_behav' loaded.
INFO: [USF-XSim-97] XSim simulation ran for 1000ns
launch_simulation: Time (s): cpu = 00:00:04 ; elapsed = 00:00:08 . Memory (MB): peak = 1675.410 ; gain = 0.000
close_sim
INFO: [Simtcl 6-16] Simulation closed
exit
INFO: [Common 17-206] Exiting Vivado at Sun Mar  1 13:03:05 2026...
