Copyright 1986-2022 Xilinx, Inc. All Rights Reserved. Copyright 2022-2025 Advanced Micro Devices, Inc. All Rights Reserved.
---------------------------------------------------------------------------------------------------------------------------------------------
| Tool Version : Vivado v.2025.2 (win64) Build 6299465 Fri Nov 14 19:35:11 GMT 2025
| Date         : Thu Mar  5 13:56:18 2026
| Host         : LAPTOP-NA5R47FL running 64-bit major release  (build 9200)
| Command      : report_drc -file TOP_drc_routed.rpt -pb TOP_drc_routed.pb -rpx TOP_drc_routed.rpx
| Design       : TOP
| Device       : xc7a35tcpg236-1
| Speed File   : -1
| Design State : Fully Routed
---------------------------------------------------------------------------------------------------------------------------------------------

Report DRC

Table of Contents
-----------------
1. REPORT SUMMARY
2. REPORT DETAILS

1. REPORT SUMMARY
-----------------
            Netlist: netlist
          Floorplan: checkpoint_TOP
      Design limits: <entire design considered>
           Ruledeck: default
             Max checks: <unlimited>
             Checks found: 17
+----------+----------+-----------------------------------------------------+--------+
| Rule     | Severity | Description                                         | Checks |
+----------+----------+-----------------------------------------------------+--------+
| CFGBVS-1 | Warning  | Missing CFGBVS and CONFIG_VOLTAGE Design Properties | 1      |
| PDRC-153 | Warning  | Gated clock check                                   | 16     |
+----------+----------+-----------------------------------------------------+--------+

2. REPORT DETAILS
-----------------
CFGBVS-1#1 Warning
Missing CFGBVS and CONFIG_VOLTAGE Design Properties  
Neither the CFGBVS nor CONFIG_VOLTAGE voltage property is set in the current_design.  Configuration bank voltage select (CFGBVS) must be set to VCCO or GND, and CONFIG_VOLTAGE must be set to the correct configuration voltage, in order to determine the I/O voltage support for the pins in bank 0.  It is suggested to specify these either using the 'Edit Device Properties' function in the GUI or directly in the XDC file using the following syntax:

 set_property CFGBVS value1 [current_design]
 #where value1 is either VCCO or GND

 set_property CONFIG_VOLTAGE value2 [current_design]
 #where value2 is the voltage provided to configuration bank 0

Refer to the device configuration user guide for more information.
Related violations: <none>

PDRC-153#1 Warning
Gated clock check  
Net dut/FSM_sequential_curr_state_reg[1]_10 is a gated clock net sourced by a combinational pin dut/op_reg[4]_LDC_i_1/O, cell dut/op_reg[4]_LDC_i_1. This is not good design practice and will likely impact performance. For SLICE registers, for example, use the CE pin to control the loading of data.
Related violations: <none>

PDRC-153#2 Warning
Gated clock check  
Net dut/FSM_sequential_curr_state_reg[1]_12 is a gated clock net sourced by a combinational pin dut/op_reg[5]_LDC_i_1/O, cell dut/op_reg[5]_LDC_i_1. This is not good design practice and will likely impact performance. For SLICE registers, for example, use the CE pin to control the loading of data.
Related violations: <none>

PDRC-153#3 Warning
Gated clock check  
Net dut/FSM_sequential_curr_state_reg[1]_14 is a gated clock net sourced by a combinational pin dut/op_reg[6]_LDC_i_1/O, cell dut/op_reg[6]_LDC_i_1. This is not good design practice and will likely impact performance. For SLICE registers, for example, use the CE pin to control the loading of data.
Related violations: <none>

PDRC-153#4 Warning
Gated clock check  
Net dut/FSM_sequential_curr_state_reg[1]_16 is a gated clock net sourced by a combinational pin dut/op_reg[7]_LDC_i_1/O, cell dut/op_reg[7]_LDC_i_1. This is not good design practice and will likely impact performance. For SLICE registers, for example, use the CE pin to control the loading of data.
Related violations: <none>

PDRC-153#5 Warning
Gated clock check  
Net dut/FSM_sequential_curr_state_reg[1]_18 is a gated clock net sourced by a combinational pin dut/op_reg[8]_LDC_i_1/O, cell dut/op_reg[8]_LDC_i_1. This is not good design practice and will likely impact performance. For SLICE registers, for example, use the CE pin to control the loading of data.
Related violations: <none>

PDRC-153#6 Warning
Gated clock check  
Net dut/FSM_sequential_curr_state_reg[1]_2 is a gated clock net sourced by a combinational pin dut/op_reg[0]_LDC_i_1/O, cell dut/op_reg[0]_LDC_i_1. This is not good design practice and will likely impact performance. For SLICE registers, for example, use the CE pin to control the loading of data.
Related violations: <none>

PDRC-153#7 Warning
Gated clock check  
Net dut/FSM_sequential_curr_state_reg[1]_20 is a gated clock net sourced by a combinational pin dut/op_reg[9]_LDC_i_1/O, cell dut/op_reg[9]_LDC_i_1. This is not good design practice and will likely impact performance. For SLICE registers, for example, use the CE pin to control the loading of data.
Related violations: <none>

PDRC-153#8 Warning
Gated clock check  
Net dut/FSM_sequential_curr_state_reg[1]_22 is a gated clock net sourced by a combinational pin dut/op_reg[10]_LDC_i_1/O, cell dut/op_reg[10]_LDC_i_1. This is not good design practice and will likely impact performance. For SLICE registers, for example, use the CE pin to control the loading of data.
Related violations: <none>

PDRC-153#9 Warning
Gated clock check  
Net dut/FSM_sequential_curr_state_reg[1]_24 is a gated clock net sourced by a combinational pin dut/op_reg[11]_LDC_i_1/O, cell dut/op_reg[11]_LDC_i_1. This is not good design practice and will likely impact performance. For SLICE registers, for example, use the CE pin to control the loading of data.
Related violations: <none>

PDRC-153#10 Warning
Gated clock check  
Net dut/FSM_sequential_curr_state_reg[1]_26 is a gated clock net sourced by a combinational pin dut/op_reg[12]_LDC_i_1/O, cell dut/op_reg[12]_LDC_i_1. This is not good design practice and will likely impact performance. For SLICE registers, for example, use the CE pin to control the loading of data.
Related violations: <none>

PDRC-153#11 Warning
Gated clock check  
Net dut/FSM_sequential_curr_state_reg[1]_28 is a gated clock net sourced by a combinational pin dut/op_reg[13]_LDC_i_1/O, cell dut/op_reg[13]_LDC_i_1. This is not good design practice and will likely impact performance. For SLICE registers, for example, use the CE pin to control the loading of data.
Related violations: <none>

PDRC-153#12 Warning
Gated clock check  
Net dut/FSM_sequential_curr_state_reg[1]_30 is a gated clock net sourced by a combinational pin dut/op_reg[14]_LDC_i_1/O, cell dut/op_reg[14]_LDC_i_1. This is not good design practice and will likely impact performance. For SLICE registers, for example, use the CE pin to control the loading of data.
Related violations: <none>

PDRC-153#13 Warning
Gated clock check  
Net dut/FSM_sequential_curr_state_reg[1]_32 is a gated clock net sourced by a combinational pin dut/op_reg[15]_LDC_i_1/O, cell dut/op_reg[15]_LDC_i_1. This is not good design practice and will likely impact performance. For SLICE registers, for example, use the CE pin to control the loading of data.
Related violations: <none>

PDRC-153#14 Warning
Gated clock check  
Net dut/FSM_sequential_curr_state_reg[1]_4 is a gated clock net sourced by a combinational pin dut/op_reg[1]_LDC_i_1/O, cell dut/op_reg[1]_LDC_i_1. This is not good design practice and will likely impact performance. For SLICE registers, for example, use the CE pin to control the loading of data.
Related violations: <none>

PDRC-153#15 Warning
Gated clock check  
Net dut/FSM_sequential_curr_state_reg[1]_6 is a gated clock net sourced by a combinational pin dut/op_reg[2]_LDC_i_1/O, cell dut/op_reg[2]_LDC_i_1. This is not good design practice and will likely impact performance. For SLICE registers, for example, use the CE pin to control the loading of data.
Related violations: <none>

PDRC-153#16 Warning
Gated clock check  
Net dut/FSM_sequential_curr_state_reg[1]_8 is a gated clock net sourced by a combinational pin dut/op_reg[3]_LDC_i_1/O, cell dut/op_reg[3]_LDC_i_1. This is not good design practice and will likely impact performance. For SLICE registers, for example, use the CE pin to control the loading of data.
Related violations: <none>


