Copyright 1986-2022 Xilinx, Inc. All Rights Reserved. Copyright 2022-2025 Advanced Micro Devices, Inc. All Rights Reserved.
-----------------------------------------------------------------------------------------------------------------------------------------------
| Tool Version : Vivado v.2025.2 (win64) Build 6299465 Fri Nov 14 19:35:11 GMT 2025
| Date         : Tue Mar  3 16:27:46 2026
| Host         : DESKTOP-QLK4QS2 running 64-bit major release  (build 9200)
| Command      : report_methodology -file TOP_methodology_drc_routed.rpt -pb TOP_methodology_drc_routed.pb -rpx TOP_methodology_drc_routed.rpx
| Design       : TOP
| Device       : xc7a35tcpg236-1
| Speed File   : -1
| Design State : Fully Routed
-----------------------------------------------------------------------------------------------------------------------------------------------

Report Methodology

Table of Contents
-----------------
1. REPORT SUMMARY
2. REPORT DETAILS

1. REPORT SUMMARY
-----------------
            Netlist: netlist
          Floorplan: design_1
      Design limits: <entire design considered>
             Max checks: <unlimited>
             Checks found: 13
+-----------+----------+--------------------------------+--------+
| Rule      | Severity | Description                    | Checks |
+-----------+----------+--------------------------------+--------+
| TIMING-18 | Warning  | Missing input or output delay  | 5      |
| TIMING-20 | Warning  | Non-clocked latch              | 7      |
| LATCH-1   | Advisory | Existing latches in the design | 1      |
+-----------+----------+--------------------------------+--------+

2. REPORT DETAILS
-----------------
TIMING-18#1 Warning
Missing input or output delay  
An input delay is missing on reset relative to the rising and/or falling clock edge(s) of sys_clk_pin.
Related violations: <none>

TIMING-18#2 Warning
Missing input or output delay  
An output delay is missing on digit[0] relative to the rising and/or falling clock edge(s) of sys_clk_pin.
Related violations: <none>

TIMING-18#3 Warning
Missing input or output delay  
An output delay is missing on digit[1] relative to the rising and/or falling clock edge(s) of sys_clk_pin.
Related violations: <none>

TIMING-18#4 Warning
Missing input or output delay  
An output delay is missing on digit[2] relative to the rising and/or falling clock edge(s) of sys_clk_pin.
Related violations: <none>

TIMING-18#5 Warning
Missing input or output delay  
An output delay is missing on digit[3] relative to the rising and/or falling clock edge(s) of sys_clk_pin.
Related violations: <none>

TIMING-20#1 Warning
Non-clocked latch  
The latch display_driver/seg_reg[0] cannot be properly analyzed as its control pin display_driver/seg_reg[0]/G is not reached by a timing clock
Related violations: <none>

TIMING-20#2 Warning
Non-clocked latch  
The latch display_driver/seg_reg[1] cannot be properly analyzed as its control pin display_driver/seg_reg[1]/G is not reached by a timing clock
Related violations: <none>

TIMING-20#3 Warning
Non-clocked latch  
The latch display_driver/seg_reg[2] cannot be properly analyzed as its control pin display_driver/seg_reg[2]/G is not reached by a timing clock
Related violations: <none>

TIMING-20#4 Warning
Non-clocked latch  
The latch display_driver/seg_reg[3] cannot be properly analyzed as its control pin display_driver/seg_reg[3]/G is not reached by a timing clock
Related violations: <none>

TIMING-20#5 Warning
Non-clocked latch  
The latch display_driver/seg_reg[4] cannot be properly analyzed as its control pin display_driver/seg_reg[4]/G is not reached by a timing clock
Related violations: <none>

TIMING-20#6 Warning
Non-clocked latch  
The latch display_driver/seg_reg[5] cannot be properly analyzed as its control pin display_driver/seg_reg[5]/G is not reached by a timing clock
Related violations: <none>

TIMING-20#7 Warning
Non-clocked latch  
The latch display_driver/seg_reg[6] cannot be properly analyzed as its control pin display_driver/seg_reg[6]/G is not reached by a timing clock
Related violations: <none>

LATCH-1#1 Advisory
Existing latches in the design  
There are 7 latches found in the design. Inferred latches are often the result of HDL coding mistakes, such as incomplete if or case statements.
Related violations: <none>


